# JRE version: OpenJDK Runtime Environment Temurin-21.0.7+6 (21.0.7+6) (build 21.0.7+6-LTS)
# Java VM: OpenJDK 64-Bit Server VM Temurin-21.0.7+6 (21.0.7+6-LTS, mixed mode, sharing, tiered, compressed oops, compressed class ptrs, parallel gc, windows-amd64)
GC Precious Log:
 CardTable entry size: 512
 CPUs: 12 total, 12 available
 Memory: 7597M
 Large Page Support: Disabled
 NUMA Support: Disabled
 Compressed Oops: Enabled (32-bit)
 Alignments: Space 512K, Generation 512K, Heap 2M
 Heap Min Capacity: 100M
 Heap Initial Capacity: 100M
 Heap Max Capacity: 1G
 Pre-touch: Disabled
 Parallel Workers: 10
Heap:
 PSYoungGen      total 23552K, used 9302K [0x00000000eab00000, 0x00000000ec400000, 0x0000000100000000)
  eden space 22016K, 36% used [0x00000000eab00000,0x00000000eb2bdad8,0x00000000ec080000)
  from space 1536K, 89% used [0x00000000ec100000,0x00000000ec258000,0x00000000ec280000)
  to   space 1536K, 0% used [0x00000000ec280000,0x00000000ec280000,0x00000000ec400000)
 ParOldGen       total 68608K, used 22150K [0x00000000c0000000, 0x00000000c4300000, 0x00000000eab00000)
  object space 68608K, 32% used [0x00000000c0000000,0x00000000c15a1940,0x00000000c4300000)
 Metaspace       used 47088K, committed 48128K, reserved 1114112K
  class space    used 5047K, committed 5504K, reserved 1048576K
GC Heap History (20 events):
Event: 48.160 GC heap before
{Heap before GC invocations=10 (full 1):
 PSYoungGen      total 24576K, used 24416K [0x00000000eab00000, 0x00000000ec900000, 0x0000000100000000)
  eden space 24064K, 100% used [0x00000000eab00000,0x00000000ec280000,0x00000000ec280000)
  from space 512K, 68% used [0x00000000ec880000,0x00000000ec8d8000,0x00000000ec900000)
  to   space 2048K, 0% used [0x00000000ec500000,0x00000000ec500000,0x00000000ec700000)
 ParOldGen       total 68608K, used 13234K [0x00000000c0000000, 0x00000000c4300000, 0x00000000eab00000)
  object space 68608K, 19% used [0x00000000c0000000,0x00000000c0ceca48,0x00000000c4300000)
 Metaspace       used 25395K, committed 26240K, reserved 1114112K
  class space    used 2396K, committed 2752K, reserved 1048576K
}
Event: 48.164 GC heap after
{Heap after GC invocations=10 (full 1):
 PSYoungGen      total 25600K, used 1435K [0x00000000eab00000, 0x00000000ec900000, 0x0000000100000000)
  eden space 23552K, 0% used [0x00000000eab00000,0x00000000eab00000,0x00000000ec200000)
  from space 2048K, 70% used [0x00000000ec500000,0x00000000ec666da0,0x00000000ec700000)
  to   space 2048K, 0% used [0x00000000ec700000,0x00000000ec700000,0x00000000ec900000)
 ParOldGen       total 68608K, used 14015K [0x00000000c0000000, 0x00000000c4300000, 0x00000000eab00000)
  object space 68608K, 20% used [0x00000000c0000000,0x00000000c0daff58,0x00000000c4300000)
 Metaspace       used 25395K, committed 26240K, reserved 1114112K
  class space    used 2396K, committed 2752K, reserved 1048576K
}
Event: 48.745 GC heap before
{Heap before GC invocations=11 (full 1):
 PSYoungGen      total 25600K, used 24987K [0x00000000eab00000, 0x00000000ec900000, 0x0000000100000000)
  eden space 23552K, 100% used [0x00000000eab00000,0x00000000ec200000,0x00000000ec200000)
  from space 2048K, 70% used [0x00000000ec500000,0x00000000ec666da0,0x00000000ec700000)
  to   space 2048K, 0% used [0x00000000ec700000,0x00000000ec700000,0x00000000ec900000)
 ParOldGen       total 68608K, used 14015K [0x00000000c0000000, 0x00000000c4300000, 0x00000000eab00000)
  object space 68608K, 20% used [0x00000000c0000000,0x00000000c0daff58,0x00000000c4300000)
 Metaspace       used 27841K, committed 28736K, reserved 1114112K
  class space    used 2676K, committed 3072K, reserved 1048576K
}
Event: 48.748 GC heap after
{Heap after GC invocations=11 (full 1):
 PSYoungGen      total 25088K, used 2016K [0x00000000eab00000, 0x00000000ec900000, 0x0000000100000000)
  eden space 23040K, 0% used [0x00000000eab00000,0x00000000eab00000,0x00000000ec180000)
  from space 2048K, 98% used [0x00000000ec700000,0x00000000ec8f8030,0x00000000ec900000)
  to   space 2560K, 0% used [0x00000000ec400000,0x00000000ec400000,0x00000000ec680000)
 ParOldGen       total 68608K, used 14175K [0x00000000c0000000, 0x00000000c4300000, 0x00000000eab00000)
  object space 68608K, 20% used [0x00000000c0000000,0x00000000c0dd7f58,0x00000000c4300000)
 Metaspace       used 27841K, committed 28736K, reserved 1114112K
  class space    used 2676K, committed 3072K, reserved 1048576K
}
Event: 49.378 GC heap before
{Heap before GC invocations=12 (full 1):
 PSYoungGen      total 25088K, used 25056K [0x00000000eab00000, 0x00000000ec900000, 0x0000000100000000)
  eden space 23040K, 100% used [0x00000000eab00000,0x00000000ec180000,0x00000000ec180000)
  from space 2048K, 98% used [0x00000000ec700000,0x00000000ec8f8030,0x00000000ec900000)
  to   space 2560K, 0% used [0x00000000ec400000,0x00000000ec400000,0x00000000ec680000)
 ParOldGen       total 68608K, used 14175K [0x00000000c0000000, 0x00000000c4300000, 0x00000000eab00000)
  object space 68608K, 20% used [0x00000000c0000000,0x00000000c0dd7f58,0x00000000c4300000)
 Metaspace       used 30612K, committed 31616K, reserved 1114112K
  class space    used 3023K, committed 3456K, reserved 1048576K
}
Event: 49.384 GC heap after
{Heap after GC invocations=12 (full 1):
 PSYoungGen      total 24064K, used 1207K [0x00000000eab00000, 0x00000000ec780000, 0x0000000100000000)
  eden space 22528K, 0% used [0x00000000eab00000,0x00000000eab00000,0x00000000ec100000)
  from space 1536K, 78% used [0x00000000ec400000,0x00000000ec52df50,0x00000000ec580000)
  to   space 2048K, 0% used [0x00000000ec580000,0x00000000ec580000,0x00000000ec780000)
 ParOldGen       total 68608K, used 16055K [0x00000000c0000000, 0x00000000c4300000, 0x00000000eab00000)
  object space 68608K, 23% used [0x00000000c0000000,0x00000000c0fadf18,0x00000000c4300000)
 Metaspace       used 30612K, committed 31616K, reserved 1114112K
  class space    used 3023K, committed 3456K, reserved 1048576K
}
Event: 50.001 GC heap before
{Heap before GC invocations=13 (full 1):
 PSYoungGen      total 24064K, used 23735K [0x00000000eab00000, 0x00000000ec780000, 0x0000000100000000)
  eden space 22528K, 100% used [0x00000000eab00000,0x00000000ec100000,0x00000000ec100000)
  from space 1536K, 78% used [0x00000000ec400000,0x00000000ec52df50,0x00000000ec580000)
  to   space 2048K, 0% used [0x00000000ec580000,0x00000000ec580000,0x00000000ec780000)
 ParOldGen       total 68608K, used 16055K [0x00000000c0000000, 0x00000000c4300000, 0x00000000eab00000)
  object space 68608K, 23% used [0x00000000c0000000,0x00000000c0fadf18,0x00000000c4300000)
 Metaspace       used 32660K, committed 33536K, reserved 1114112K
  class space    used 3281K, committed 3648K, reserved 1048576K
}
Event: 50.006 GC heap after
{Heap after GC invocations=13 (full 1):
 PSYoungGen      total 23040K, used 864K [0x00000000eab00000, 0x00000000ec680000, 0x0000000100000000)
  eden space 22016K, 0% used [0x00000000eab00000,0x00000000eab00000,0x00000000ec080000)
  from space 1024K, 84% used [0x00000000ec580000,0x00000000ec658000,0x00000000ec680000)
  to   space 1536K, 0% used [0x00000000ec380000,0x00000000ec380000,0x00000000ec500000)
 ParOldGen       total 68608K, used 16843K [0x00000000c0000000, 0x00000000c4300000, 0x00000000eab00000)
  object space 68608K, 24% used [0x00000000c0000000,0x00000000c1072c20,0x00000000c4300000)
 Metaspace       used 32660K, committed 33536K, reserved 1114112K
  class space    used 3281K, committed 3648K, reserved 1048576K
}
Event: 50.665 GC heap before
{Heap before GC invocations=14 (full 1):
 PSYoungGen      total 23040K, used 19209K [0x00000000eab00000, 0x00000000ec680000, 0x0000000100000000)
  eden space 22016K, 83% used [0x00000000eab00000,0x00000000ebcea7d0,0x00000000ec080000)
  from space 1024K, 84% used [0x00000000ec580000,0x00000000ec658000,0x00000000ec680000)
  to   space 1536K, 0% used [0x00000000ec380000,0x00000000ec380000,0x00000000ec500000)
 ParOldGen       total 68608K, used 16843K [0x00000000c0000000, 0x00000000c4300000, 0x00000000eab00000)
  object space 68608K, 24% used [0x00000000c0000000,0x00000000c1072c20,0x00000000c4300000)
 Metaspace       used 34915K, committed 35840K, reserved 1114112K
  class space    used 3550K, committed 3904K, reserved 1048576K
}
Event: 50.669 GC heap after
{Heap after GC invocations=14 (full 1):
 PSYoungGen      total 23552K, used 832K [0x00000000eab00000, 0x00000000ec600000, 0x0000000100000000)
  eden space 22016K, 0% used [0x00000000eab00000,0x00000000eab00000,0x00000000ec080000)
  from space 1536K, 54% used [0x00000000ec380000,0x00000000ec450000,0x00000000ec500000)
  to   space 1024K, 0% used [0x00000000ec500000,0x00000000ec500000,0x00000000ec600000)
 ParOldGen       total 68608K, used 17478K [0x00000000c0000000, 0x00000000c4300000, 0x00000000eab00000)
  object space 68608K, 25% used [0x00000000c0000000,0x00000000c1111810,0x00000000c4300000)
 Metaspace       used 34915K, committed 35840K, reserved 1114112K
  class space    used 3550K, committed 3904K, reserved 1048576K
}
Event: 50.669 GC heap before
{Heap before GC invocations=15 (full 2):
 PSYoungGen      total 23552K, used 832K [0x00000000eab00000, 0x00000000ec600000, 0x0000000100000000)
  eden space 22016K, 0% used [0x00000000eab00000,0x00000000eab00000,0x00000000ec080000)
  from space 1536K, 54% used [0x00000000ec380000,0x00000000ec450000,0x00000000ec500000)
  to   space 1024K, 0% used [0x00000000ec500000,0x00000000ec500000,0x00000000ec600000)
 ParOldGen       total 68608K, used 17478K [0x00000000c0000000, 0x00000000c4300000, 0x00000000eab00000)
  object space 68608K, 25% used [0x00000000c0000000,0x00000000c1111810,0x00000000c4300000)
 Metaspace       used 34915K, committed 35840K, reserved 1114112K
  class space    used 3550K, committed 3904K, reserved 1048576K
}
Event: 50.741 GC heap after
{Heap after GC invocations=15 (full 2):
 PSYoungGen      total 23552K, used 0K [0x00000000eab00000, 0x00000000ec600000, 0x0000000100000000)
  eden space 22016K, 0% used [0x00000000eab00000,0x00000000eab00000,0x00000000ec080000)
  from space 1536K, 0% used [0x00000000ec380000,0x00000000ec380000,0x00000000ec500000)
  to   space 1024K, 0% used [0x00000000ec500000,0x00000000ec500000,0x00000000ec600000)
 ParOldGen       total 68608K, used 17426K [0x00000000c0000000, 0x00000000c4300000, 0x00000000eab00000)
  object space 68608K, 25% used [0x00000000c0000000,0x00000000c1104b30,0x00000000c4300000)
 Metaspace       used 34906K, committed 35840K, reserved 1114112K
  class space    used 3548K, committed 3904K, reserved 1048576K
}
Event: 51.202 GC heap before
{Heap before GC invocations=16 (full 2):
 PSYoungGen      total 23552K, used 22016K [0x00000000eab00000, 0x00000000ec600000, 0x0000000100000000)
  eden space 22016K, 100% used [0x00000000eab00000,0x00000000ec080000,0x00000000ec080000)
  from space 1536K, 0% used [0x00000000ec380000,0x00000000ec380000,0x00000000ec500000)
  to   space 1024K, 0% used [0x00000000ec500000,0x00000000ec500000,0x00000000ec600000)
 ParOldGen       total 68608K, used 17426K [0x00000000c0000000, 0x00000000c4300000, 0x00000000eab00000)
  object space 68608K, 25% used [0x00000000c0000000,0x00000000c1104b30,0x00000000c4300000)
 Metaspace       used 37750K, committed 38784K, reserved 1114112K
  class space    used 3897K, committed 4288K, reserved 1048576K
}
Event: 51.208 GC heap after
{Heap after GC invocations=16 (full 2):
 PSYoungGen      total 23040K, used 1020K [0x00000000eab00000, 0x00000000ec600000, 0x0000000100000000)
  eden space 22016K, 0% used [0x00000000eab00000,0x00000000eab00000,0x00000000ec080000)
  from space 1024K, 99% used [0x00000000ec500000,0x00000000ec5ff2f8,0x00000000ec600000)
  to   space 2560K, 0% used [0x00000000ec100000,0x00000000ec100000,0x00000000ec380000)
 ParOldGen       total 68608K, used 18322K [0x00000000c0000000, 0x00000000c4300000, 0x00000000eab00000)
  object space 68608K, 26% used [0x00000000c0000000,0x00000000c11e4ad0,0x00000000c4300000)
 Metaspace       used 37750K, committed 38784K, reserved 1114112K
  class space    used 3897K, committed 4288K, reserved 1048576K
}
Event: 51.868 GC heap before
{Heap before GC invocations=17 (full 2):
 PSYoungGen      total 23040K, used 23036K [0x00000000eab00000, 0x00000000ec600000, 0x0000000100000000)
  eden space 22016K, 100% used [0x00000000eab00000,0x00000000ec080000,0x00000000ec080000)
  from space 1024K, 99% used [0x00000000ec500000,0x00000000ec5ff2f8,0x00000000ec600000)
  to   space 2560K, 0% used [0x00000000ec100000,0x00000000ec100000,0x00000000ec380000)
 ParOldGen       total 68608K, used 18322K [0x00000000c0000000, 0x00000000c4300000, 0x00000000eab00000)
  object space 68608K, 26% used [0x00000000c0000000,0x00000000c11e4ad0,0x00000000c4300000)
 Metaspace       used 40410K, committed 41536K, reserved 1114112K
  class space    used 4204K, committed 4672K, reserved 1048576K
}
Event: 51.877 GC heap after
{Heap after GC invocations=17 (full 2):
 PSYoungGen      total 24576K, used 1984K [0x00000000eab00000, 0x00000000ec580000, 0x0000000100000000)
  eden space 22016K, 0% used [0x00000000eab00000,0x00000000eab00000,0x00000000ec080000)
  from space 2560K, 77% used [0x00000000ec100000,0x00000000ec2f0000,0x00000000ec380000)
  to   space 2048K, 0% used [0x00000000ec380000,0x00000000ec380000,0x00000000ec580000)
 ParOldGen       total 68608K, used 19340K [0x00000000c0000000, 0x00000000c4300000, 0x00000000eab00000)
  object space 68608K, 28% used [0x00000000c0000000,0x00000000c12e3228,0x00000000c4300000)
 Metaspace       used 40410K, committed 41536K, reserved 1114112K
  class space    used 4204K, committed 4672K, reserved 1048576K
}
Event: 52.434 GC heap before
{Heap before GC invocations=18 (full 2):
 PSYoungGen      total 24576K, used 24000K [0x00000000eab00000, 0x00000000ec580000, 0x0000000100000000)
  eden space 22016K, 100% used [0x00000000eab00000,0x00000000ec080000,0x00000000ec080000)
  from space 2560K, 77% used [0x00000000ec100000,0x00000000ec2f0000,0x00000000ec380000)
  to   space 2048K, 0% used [0x00000000ec380000,0x00000000ec380000,0x00000000ec580000)
 ParOldGen       total 68608K, used 19340K [0x00000000c0000000, 0x00000000c4300000, 0x00000000eab00000)
  object space 68608K, 28% used [0x00000000c0000000,0x00000000c12e3228,0x00000000c4300000)
 Metaspace       used 43655K, committed 44736K, reserved 1114112K
  class space    used 4659K, committed 5120K, reserved 1048576K
}
Event: 52.441 GC heap after
{Heap after GC invocations=18 (full 2):
 PSYoungGen      total 23552K, used 1274K [0x00000000eab00000, 0x00000000ec500000, 0x0000000100000000)
  eden space 22016K, 0% used [0x00000000eab00000,0x00000000eab00000,0x00000000ec080000)
  from space 1536K, 82% used [0x00000000ec380000,0x00000000ec4beb38,0x00000000ec500000)
  to   space 2048K, 0% used [0x00000000ec100000,0x00000000ec100000,0x00000000ec300000)
 ParOldGen       total 68608K, used 21139K [0x00000000c0000000, 0x00000000c4300000, 0x00000000eab00000)
  object space 68608K, 30% used [0x00000000c0000000,0x00000000c14a4de8,0x00000000c4300000)
 Metaspace       used 43655K, committed 44736K, reserved 1114112K
  class space    used 4659K, committed 5120K, reserved 1048576K
}
Event: 53.017 GC heap before
{Heap before GC invocations=19 (full 2):
 PSYoungGen      total 23552K, used 23290K [0x00000000eab00000, 0x00000000ec500000, 0x0000000100000000)
  eden space 22016K, 100% used [0x00000000eab00000,0x00000000ec080000,0x00000000ec080000)
  from space 1536K, 82% used [0x00000000ec380000,0x00000000ec4beb38,0x00000000ec500000)
  to   space 2048K, 0% used [0x00000000ec100000,0x00000000ec100000,0x00000000ec300000)
 ParOldGen       total 68608K, used 21139K [0x00000000c0000000, 0x00000000c4300000, 0x00000000eab00000)
  object space 68608K, 30% used [0x00000000c0000000,0x00000000c14a4de8,0x00000000c4300000)
 Metaspace       used 46426K, committed 47552K, reserved 1114112K
  class space    used 4970K, committed 5440K, reserved 1048576K
}
Event: 53.024 GC heap after
{Heap after GC invocations=19 (full 2):
 PSYoungGen      total 23552K, used 1376K [0x00000000eab00000, 0x00000000ec400000, 0x0000000100000000)
  eden space 22016K, 0% used [0x00000000eab00000,0x00000000eab00000,0x00000000ec080000)
  from space 1536K, 89% used [0x00000000ec100000,0x00000000ec258000,0x00000000ec280000)
  to   space 1536K, 0% used [0x00000000ec280000,0x00000000ec280000,0x00000000ec400000)
 ParOldGen       total 68608K, used 22150K [0x00000000c0000000, 0x00000000c4300000, 0x00000000eab00000)
  object space 68608K, 32% used [0x00000000c0000000,0x00000000c15a1940,0x00000000c4300000)
 Metaspace       used 46426K, committed 47552K, reserved 1114112K
  class space    used 4970K, committed 5440K, reserved 1048576K
}

